Wed May 22 22:48:01 NZST 2024 Thread[main,5,main] Cleanup action starting
java.sql.SQLException: Database 'forumDB' not found.
	at org.apache.derby.impl.jdbc.SQLExceptionFactory.getSQLException(Unknown Source)
	at org.apache.derby.impl.jdbc.SQLExceptionFactory.getSQLException(Unknown Source)
	at org.apache.derby.impl.jdbc.Util.generateCsSQLException(Unknown Source)
	at org.apache.derby.impl.jdbc.Util.generateCsSQLException(Unknown Source)
	at org.apache.derby.impl.jdbc.EmbedConnection.newSQLException(Unknown Source)
	at org.apache.derby.impl.jdbc.EmbedConnection.handleDBNotFound(Unknown Source)
	at org.apache.derby.impl.jdbc.EmbedConnection.<init>(Unknown Source)
	at org.apache.derby.jdbc.InternalDriver$1.run(Unknown Source)
	at org.apache.derby.jdbc.InternalDriver$1.run(Unknown Source)
	at java.base/java.security.AccessController.doPrivileged(AccessController.java:569)
	at org.apache.derby.jdbc.InternalDriver.getNewEmbedConnection(Unknown Source)
	at org.apache.derby.jdbc.InternalDriver.connect(Unknown Source)
	at org.apache.derby.jdbc.InternalDriver.connect(Unknown Source)
	at org.apache.derby.jdbc.AutoloadedDriver.connect(Unknown Source)
	at java.sql/java.sql.DriverManager.getConnection(DriverManager.java:681)
	at java.sql/java.sql.DriverManager.getConnection(DriverManager.java:229)
	at aut_ecms_qa_forum.DerbyDatabaseManager.shutdownDatabase(DerbyDatabaseManager.java:73)
	at aut_ecms_qa_forum.DerbyDatabaseManager.initializeDatabase(DerbyDatabaseManager.java:38)
	at aut_ecms_qa_forum.LoginGUI.main(LoginGUI.java:83)
Caused by: ERROR XJ004: Database 'forumDB' not found.
	at org.apache.derby.iapi.error.StandardException.newException(Unknown Source)
	at org.apache.derby.impl.jdbc.SQLExceptionFactory.wrapArgsForTransportAcrossDRDA(Unknown Source)
	... 19 more
============= begin nested exception, level (1) ===========
ERROR XJ004: Database 'forumDB' not found.
	at org.apache.derby.iapi.error.StandardException.newException(Unknown Source)
	at org.apache.derby.impl.jdbc.SQLExceptionFactory.wrapArgsForTransportAcrossDRDA(Unknown Source)
	at org.apache.derby.impl.jdbc.SQLExceptionFactory.getSQLException(Unknown Source)
	at org.apache.derby.impl.jdbc.SQLExceptionFactory.getSQLException(Unknown Source)
	at org.apache.derby.impl.jdbc.Util.generateCsSQLException(Unknown Source)
	at org.apache.derby.impl.jdbc.Util.generateCsSQLException(Unknown Source)
	at org.apache.derby.impl.jdbc.EmbedConnection.newSQLException(Unknown Source)
	at org.apache.derby.impl.jdbc.EmbedConnection.handleDBNotFound(Unknown Source)
	at org.apache.derby.impl.jdbc.EmbedConnection.<init>(Unknown Source)
	at org.apache.derby.jdbc.InternalDriver$1.run(Unknown Source)
	at org.apache.derby.jdbc.InternalDriver$1.run(Unknown Source)
	at java.base/java.security.AccessController.doPrivileged(AccessController.java:569)
	at org.apache.derby.jdbc.InternalDriver.getNewEmbedConnection(Unknown Source)
	at org.apache.derby.jdbc.InternalDriver.connect(Unknown Source)
	at org.apache.derby.jdbc.InternalDriver.connect(Unknown Source)
	at org.apache.derby.jdbc.AutoloadedDriver.connect(Unknown Source)
	at java.sql/java.sql.DriverManager.getConnection(DriverManager.java:681)
	at java.sql/java.sql.DriverManager.getConnection(DriverManager.java:229)
	at aut_ecms_qa_forum.DerbyDatabaseManager.shutdownDatabase(DerbyDatabaseManager.java:73)
	at aut_ecms_qa_forum.DerbyDatabaseManager.initializeDatabase(DerbyDatabaseManager.java:38)
	at aut_ecms_qa_forum.LoginGUI.main(LoginGUI.java:83)
============= end nested exception, level (1) ===========
Cleanup action completed
----------------------------------------------------------------
Wed May 22 22:48:01 NZST 2024:
Booting Derby version The Apache Software Foundation - Apache Derby - 10.14.2.0 - (1828579): instance a816c00e-018f-9fea-44b6-00000eb1c6d8 
on database directory C:\Users\harsh\Downloads\P09_22164966_22174809\AUT_ECMS_QA_FORUM_\AUT_ECMS_QA_FORUM\AUT_ECMS_QA_FORUM\forumDB with class loader jdk.internal.loader.ClassLoaders$AppClassLoader@659e0bfd 
Loaded from file:/C:/Users/harsh/Downloads/P09_22164966_22174809/AUT_ECMS_QA_FORUM_/AUT_ECMS_QA_FORUM/AUT_ECMS_QA_FORUM/lib/derby.jar
java.vendor=Eclipse Adoptium
java.runtime.version=17.0.8.1+1
user.dir=C:\Users\harsh\Downloads\P09_22164966_22174809\AUT_ECMS_QA_FORUM_\AUT_ECMS_QA_FORUM\AUT_ECMS_QA_FORUM
os.name=Windows 11
os.arch=amd64
os.version=10.0
derby.system.home=null
Database Class Loader started - derby.database.classpath=''
----------------------------------------------------------------
Wed May 22 22:48:03 NZST 2024:
Shutting down instance a816c00e-018f-9fea-44b6-00000eb1c6d8 on database directory C:\Users\harsh\Downloads\P09_22164966_22174809\AUT_ECMS_QA_FORUM_\AUT_ECMS_QA_FORUM\AUT_ECMS_QA_FORUM\forumDB with class loader jdk.internal.loader.ClassLoaders$AppClassLoader@659e0bfd 
